<?xml version="1.0" encoding="UTF-8"?>
<!-- Generated by org.testng.reporters.JUnitXMLReporter -->
<testsuite hostname="D200844" name="Surefire test" tests="1" failures="1" timestamp="29 Mar 2018 17:26:34 GMT" time="7.643" errors="0">
  <testcase name="feature" time="7.063" classname="RunCukesTest">
    <failure type="cucumber.runtime.CucumberException" message="java.lang.AssertionError: expected [false] but found [true]">
      <![CDATA[cucumber.runtime.CucumberException: java.lang.AssertionError: expected [false] but found [true]
	at cucumber.api.testng.TestNGCucumberRunner.runCucumber(TestNGCucumberRunner.java:69)
	at cucumber.api.testng.AbstractTestNGCucumberTests.feature(AbstractTestNGCucumberTests.java:21)
Caused by: java.lang.AssertionError: expected [false] but found [true]
	at cucumber.test.steps.MyStepdefs.read_registration_number_from_inputfolder_and_enter(MyStepdefs.java:49)
	at âœ½.Then read registration number from inputfolder and enter(hm.feature:7)
... Removed 33 stack frames]]>
    </failure>
  </testcase> <!-- feature -->
</testsuite> <!-- Surefire test -->
